<?xml version="1.0" encoding="UTF-8"?>
<!-- Generated by org.testng.reporters.JUnitReportReporter -->
<testsuite hostname="LIN83006556" failures="0" tests="1" name="testng.Test0" time="0.011" errors="0" timestamp="2022-05-07T08:42:32 IST" skipped="0">
  <testcase classname="testng.Test0" name="tc1" time="0.011"/>
  <system-out>
    <![CDATA[hello
hello]]>
  </system-out>
</testsuite> <!-- testng.Test0 -->
